# Logfile created on 2021-03-09 23:42:12 +0000 by logger.rb/66358
I, [2021-03-09T23:42:12.479272 #450]  INFO -- : (0.000128s) PRAGMA foreign_keys = 1
I, [2021-03-09T23:42:12.479374 #450]  INFO -- : (0.000015s) PRAGMA case_sensitive_like = 1
I, [2021-03-09T23:43:47.910454 #453]  INFO -- : (0.000126s) PRAGMA foreign_keys = 1
I, [2021-03-09T23:43:47.910564 #453]  INFO -- : (0.000019s) PRAGMA case_sensitive_like = 1
I, [2021-03-09T23:43:56.238779 #454]  INFO -- : (0.000184s) PRAGMA foreign_keys = 1
I, [2021-03-09T23:43:56.238882 #454]  INFO -- : (0.000015s) PRAGMA case_sensitive_like = 1
I, [2021-03-09T23:43:56.239510 #454]  INFO -- : (0.000069s) SELECT sqlite_version()
I, [2021-03-09T23:43:56.239762 #454]  INFO -- : (0.000108s) PRAGMA table_info('mentees')
I, [2021-03-09T23:44:12.014387 #454]  INFO -- : (0.000512s) BEGIN
I, [2021-03-09T23:44:12.014868 #454]  INFO -- : (0.000210s) INSERT INTO `mentees` (`fname`, `lname`, `email`, `phoneNum`, `courseName`, `cyear`) VALUES ('Samiha', 'Fansur', 'sfansur1@sheffield.ac.uk', 7949590613, '15', 3)
I, [2021-03-09T23:44:12.015112 #454]  INFO -- : (0.000100s) SELECT * FROM `mentees` WHERE `id` = 9
I, [2021-03-09T23:44:12.108113 #454]  INFO -- : (0.092907s) COMMIT
I, [2021-03-09T23:46:04.604872 #476]  INFO -- : (0.000172s) PRAGMA foreign_keys = 1
I, [2021-03-09T23:46:04.604991 #476]  INFO -- : (0.000021s) PRAGMA case_sensitive_like = 1
I, [2021-03-09T23:46:04.605826 #476]  INFO -- : (0.000068s) SELECT sqlite_version()
I, [2021-03-09T23:46:04.606083 #476]  INFO -- : (0.000110s) PRAGMA table_info('mentees')
I, [2021-03-09T23:50:02.431971 #498]  INFO -- : (0.000163s) PRAGMA foreign_keys = 1
I, [2021-03-09T23:50:02.432070 #498]  INFO -- : (0.000014s) PRAGMA case_sensitive_like = 1
I, [2021-03-09T23:50:02.432636 #498]  INFO -- : (0.000056s) SELECT sqlite_version()
I, [2021-03-09T23:50:02.432869 #498]  INFO -- : (0.000106s) PRAGMA table_info('mentees')
I, [2021-03-09T23:51:12.195738 #519]  INFO -- : (0.000172s) PRAGMA foreign_keys = 1
I, [2021-03-09T23:51:12.195848 #519]  INFO -- : (0.000015s) PRAGMA case_sensitive_like = 1
I, [2021-03-09T23:51:12.196466 #519]  INFO -- : (0.000067s) SELECT sqlite_version()
I, [2021-03-09T23:51:12.196737 #519]  INFO -- : (0.000112s) PRAGMA table_info('mentees')
I, [2021-03-09T23:58:54.270759 #540]  INFO -- : (0.000164s) PRAGMA foreign_keys = 1
I, [2021-03-09T23:58:54.270851 #540]  INFO -- : (0.000013s) PRAGMA case_sensitive_like = 1
I, [2021-03-09T23:58:54.271430 #540]  INFO -- : (0.000055s) SELECT sqlite_version()
I, [2021-03-09T23:58:54.271678 #540]  INFO -- : (0.000109s) PRAGMA table_info('mentees')
I, [2021-03-10T00:03:32.937296 #561]  INFO -- : (0.000192s) PRAGMA foreign_keys = 1
I, [2021-03-10T00:03:32.937398 #561]  INFO -- : (0.000015s) PRAGMA case_sensitive_like = 1
I, [2021-03-10T00:03:32.938022 #561]  INFO -- : (0.000065s) SELECT sqlite_version()
I, [2021-03-10T00:03:32.938372 #561]  INFO -- : (0.000182s) PRAGMA table_info('mentees')
I, [2021-03-10T00:09:51.577039 #583]  INFO -- : (0.000176s) PRAGMA foreign_keys = 1
I, [2021-03-10T00:09:51.577142 #583]  INFO -- : (0.000014s) PRAGMA case_sensitive_like = 1
I, [2021-03-10T00:09:51.577853 #583]  INFO -- : (0.000069s) SELECT sqlite_version()
I, [2021-03-10T00:09:51.578152 #583]  INFO -- : (0.000133s) PRAGMA table_info('mentees')
I, [2021-03-10T00:18:31.639096 #609]  INFO -- : (0.000176s) PRAGMA foreign_keys = 1
I, [2021-03-10T00:18:31.639196 #609]  INFO -- : (0.000015s) PRAGMA case_sensitive_like = 1
I, [2021-03-10T00:18:31.639834 #609]  INFO -- : (0.000065s) SELECT sqlite_version()
I, [2021-03-10T00:18:31.640117 #609]  INFO -- : (0.000143s) PRAGMA table_info('mentees')
I, [2021-03-10T00:18:56.220955 #609]  INFO -- : (0.000045s) BEGIN
I, [2021-03-10T00:18:56.221467 #609]  INFO -- : (0.000257s) INSERT INTO `mentees` (`fname`, `lname`, `email`, `phoneNum`, `courseName`, `cyear`, `username`, `password`) VALUES ('Samiha', 'Fansur', 'sfansur1@sheffield.ac.uk', 7949590613, '12', 2, 'aca20sf', 'SAMIHAfansur11')
I, [2021-03-10T00:18:56.222221 #609]  INFO -- : (0.000608s) SELECT * FROM `mentees` WHERE `username` = 'aca20sf'
I, [2021-03-10T00:18:56.318749 #609]  INFO -- : (0.096419s) COMMIT
