# Logfile created on 2021-03-07 21:41:00 +0000 by logger.rb/66358
I, [2021-03-07T21:41:00.478511 #144]  INFO -- : (0.000121s) PRAGMA foreign_keys = 1
I, [2021-03-07T21:41:00.478598 #144]  INFO -- : (0.000015s) PRAGMA case_sensitive_like = 1
I, [2021-03-07T22:20:04.416481 #159]  INFO -- : (0.000175s) PRAGMA foreign_keys = 1
I, [2021-03-07T22:20:04.416588 #159]  INFO -- : (0.000017s) PRAGMA case_sensitive_like = 1
I, [2021-03-07T22:20:04.417171 #159]  INFO -- : (0.000063s) SELECT sqlite_version()
I, [2021-03-07T22:20:04.417421 #159]  INFO -- : (0.000108s) PRAGMA table_info('mentees')
I, [2021-03-07T22:20:23.292600 #186]  INFO -- : (0.000174s) PRAGMA foreign_keys = 1
I, [2021-03-07T22:20:23.292698 #186]  INFO -- : (0.000014s) PRAGMA case_sensitive_like = 1
I, [2021-03-07T22:20:23.293263 #186]  INFO -- : (0.000073s) SELECT sqlite_version()
I, [2021-03-07T22:20:23.293500 #186]  INFO -- : (0.000109s) PRAGMA table_info('mentees')
I, [2021-03-07T22:21:12.050708 #415]  INFO -- : (0.000171s) PRAGMA foreign_keys = 1
I, [2021-03-07T22:21:12.050803 #415]  INFO -- : (0.000014s) PRAGMA case_sensitive_like = 1
I, [2021-03-07T22:21:12.051416 #415]  INFO -- : (0.000061s) SELECT sqlite_version()
I, [2021-03-07T22:21:12.051704 #415]  INFO -- : (0.000115s) PRAGMA table_info('mentees')
I, [2021-03-07T22:23:55.625426 #418]  INFO -- : (0.000213s) PRAGMA foreign_keys = 1
I, [2021-03-07T22:23:55.625544 #418]  INFO -- : (0.000018s) PRAGMA case_sensitive_like = 1
I, [2021-03-07T22:23:55.626126 #418]  INFO -- : (0.000055s) SELECT sqlite_version()
I, [2021-03-07T22:23:55.626419 #418]  INFO -- : (0.000144s) PRAGMA table_info('mentees')
I, [2021-03-07T22:24:59.516460 #419]  INFO -- : (0.000179s) PRAGMA foreign_keys = 1
I, [2021-03-07T22:24:59.516555 #419]  INFO -- : (0.000015s) PRAGMA case_sensitive_like = 1
I, [2021-03-07T22:24:59.517126 #419]  INFO -- : (0.000057s) SELECT sqlite_version()
I, [2021-03-07T22:24:59.517362 #419]  INFO -- : (0.000106s) PRAGMA table_info('mentees')
I, [2021-03-07T22:25:49.442957 #420]  INFO -- : (0.000171s) PRAGMA foreign_keys = 1
I, [2021-03-07T22:25:49.443061 #420]  INFO -- : (0.000014s) PRAGMA case_sensitive_like = 1
I, [2021-03-07T22:25:49.443618 #420]  INFO -- : (0.000056s) SELECT sqlite_version()
I, [2021-03-07T22:25:49.443873 #420]  INFO -- : (0.000105s) PRAGMA table_info('mentees')
I, [2021-03-07T22:25:57.601695 #421]  INFO -- : (0.000169s) PRAGMA foreign_keys = 1
I, [2021-03-07T22:25:57.601782 #421]  INFO -- : (0.000013s) PRAGMA case_sensitive_like = 1
I, [2021-03-07T22:28:22.859847 #433]  INFO -- : (0.000169s) PRAGMA foreign_keys = 1
I, [2021-03-07T22:28:22.859935 #433]  INFO -- : (0.000014s) PRAGMA case_sensitive_like = 1
I, [2021-03-07T22:28:22.860497 #433]  INFO -- : (0.000058s) SELECT sqlite_version()
I, [2021-03-07T22:28:22.860753 #433]  INFO -- : (0.000110s) PRAGMA table_info('mentees')
I, [2021-03-07T22:28:41.967570 #434]  INFO -- : (0.000167s) PRAGMA foreign_keys = 1
I, [2021-03-07T22:28:41.967668 #434]  INFO -- : (0.000014s) PRAGMA case_sensitive_like = 1
I, [2021-03-07T22:28:41.968222 #434]  INFO -- : (0.000059s) SELECT sqlite_version()
I, [2021-03-07T22:28:41.968477 #434]  INFO -- : (0.000108s) PRAGMA table_info('mentees')
I, [2021-03-07T22:38:33.199849 #459]  INFO -- : (0.000162s) PRAGMA foreign_keys = 1
I, [2021-03-07T22:38:33.199944 #459]  INFO -- : (0.000018s) PRAGMA case_sensitive_like = 1
I, [2021-03-07T22:38:33.200521 #459]  INFO -- : (0.000056s) SELECT sqlite_version()
I, [2021-03-07T22:38:33.200762 #459]  INFO -- : (0.000110s) PRAGMA table_info('mentees')
I, [2021-03-07T22:42:34.272726 #489]  INFO -- : (0.000166s) PRAGMA foreign_keys = 1
I, [2021-03-07T22:42:34.272818 #489]  INFO -- : (0.000014s) PRAGMA case_sensitive_like = 1
I, [2021-03-07T22:42:34.273344 #489]  INFO -- : (0.000053s) SELECT sqlite_version()
I, [2021-03-07T22:42:34.273579 #489]  INFO -- : (0.000105s) PRAGMA table_info('mentees')
I, [2021-03-07T22:46:31.374673 #515]  INFO -- : (0.000162s) PRAGMA foreign_keys = 1
I, [2021-03-07T22:46:31.374764 #515]  INFO -- : (0.000017s) PRAGMA case_sensitive_like = 1
I, [2021-03-07T22:46:31.375290 #515]  INFO -- : (0.000054s) SELECT sqlite_version()
I, [2021-03-07T22:46:31.375539 #515]  INFO -- : (0.000110s) PRAGMA table_info('mentees')
I, [2021-03-07T22:46:40.571383 #516]  INFO -- : (0.000174s) PRAGMA foreign_keys = 1
I, [2021-03-07T22:46:40.571473 #516]  INFO -- : (0.000013s) PRAGMA case_sensitive_like = 1
I, [2021-03-07T22:46:40.572009 #516]  INFO -- : (0.000054s) SELECT sqlite_version()
I, [2021-03-07T22:46:40.572303 #516]  INFO -- : (0.000134s) PRAGMA table_info('mentees')
I, [2021-03-09T14:03:32.060811 #137]  INFO -- : (0.000160s) PRAGMA foreign_keys = 1
I, [2021-03-09T14:03:32.060973 #137]  INFO -- : (0.000019s) PRAGMA case_sensitive_like = 1
I, [2021-03-09T14:03:32.061183 #137]  INFO -- : (0.000065s) SELECT sqlite_version()
I, [2021-03-09T14:03:32.061360 #137]  INFO -- : (0.000084s) SELECT * FROM `mentees`
I, [2021-03-09T14:09:57.500107 #140]  INFO -- : (0.000170s) PRAGMA foreign_keys = 1
I, [2021-03-09T14:09:57.500313 #140]  INFO -- : (0.000023s) PRAGMA case_sensitive_like = 1
I, [2021-03-09T14:09:57.500582 #140]  INFO -- : (0.000069s) SELECT sqlite_version()
I, [2021-03-09T14:09:57.500809 #140]  INFO -- : (0.000095s) SELECT * FROM `mentees`
I, [2021-03-09T14:09:57.501592 #140]  INFO -- : (0.000116s) PRAGMA table_info('mentees')
I, [2021-03-09T14:16:08.253761 #162]  INFO -- : (0.000174s) PRAGMA foreign_keys = 1
I, [2021-03-09T14:16:08.253861 #162]  INFO -- : (0.000014s) PRAGMA case_sensitive_like = 1
I, [2021-03-09T14:16:08.254035 #162]  INFO -- : (0.000055s) SELECT sqlite_version()
I, [2021-03-09T14:16:08.254197 #162]  INFO -- : (0.000072s) SELECT * FROM `mentees`
I, [2021-03-09T14:16:08.254818 #162]  INFO -- : (0.000112s) PRAGMA table_info('mentees')
I, [2021-03-09T14:17:53.895094 #186]  INFO -- : (0.000169s) PRAGMA foreign_keys = 1
I, [2021-03-09T14:17:53.895198 #186]  INFO -- : (0.000015s) PRAGMA case_sensitive_like = 1
I, [2021-03-09T14:17:53.895775 #186]  INFO -- : (0.000063s) SELECT sqlite_version()
I, [2021-03-09T14:17:53.896055 #186]  INFO -- : (0.000113s) PRAGMA table_info('mentees')
I, [2021-03-09T14:18:32.131910 #207]  INFO -- : (0.000168s) PRAGMA foreign_keys = 1
I, [2021-03-09T14:18:32.132018 #207]  INFO -- : (0.000018s) PRAGMA case_sensitive_like = 1
I, [2021-03-09T14:18:32.132660 #207]  INFO -- : (0.000066s) SELECT sqlite_version()
I, [2021-03-09T14:18:32.132941 #207]  INFO -- : (0.000128s) PRAGMA table_info('mentees')
I, [2021-03-09T14:20:09.995343 #229]  INFO -- : (0.000172s) PRAGMA foreign_keys = 1
I, [2021-03-09T14:20:09.995451 #229]  INFO -- : (0.000016s) PRAGMA case_sensitive_like = 1
I, [2021-03-09T14:20:09.996056 #229]  INFO -- : (0.000065s) SELECT sqlite_version()
I, [2021-03-09T14:20:09.996322 #229]  INFO -- : (0.000129s) PRAGMA table_info('mentees')
I, [2021-03-09T14:21:51.597847 #250]  INFO -- : (0.000172s) PRAGMA foreign_keys = 1
I, [2021-03-09T14:21:51.597949 #250]  INFO -- : (0.000014s) PRAGMA case_sensitive_like = 1
I, [2021-03-09T14:21:51.598502 #250]  INFO -- : (0.000058s) SELECT sqlite_version()
I, [2021-03-09T14:21:51.598762 #250]  INFO -- : (0.000107s) PRAGMA table_info('mentees')
I, [2021-03-09T14:24:38.520571 #271]  INFO -- : (0.000177s) PRAGMA foreign_keys = 1
I, [2021-03-09T14:24:38.520668 #271]  INFO -- : (0.000015s) PRAGMA case_sensitive_like = 1
I, [2021-03-09T14:24:38.521229 #271]  INFO -- : (0.000058s) SELECT sqlite_version()
I, [2021-03-09T14:24:38.521468 #271]  INFO -- : (0.000110s) PRAGMA table_info('mentees')
I, [2021-03-09T14:26:47.295703 #292]  INFO -- : (0.000171s) PRAGMA foreign_keys = 1
I, [2021-03-09T14:26:47.295802 #292]  INFO -- : (0.000015s) PRAGMA case_sensitive_like = 1
I, [2021-03-09T14:26:47.296400 #292]  INFO -- : (0.000059s) SELECT sqlite_version()
I, [2021-03-09T14:26:47.296638 #292]  INFO -- : (0.000109s) PRAGMA table_info('mentees')
I, [2021-03-09T14:27:58.067676 #313]  INFO -- : (0.000174s) PRAGMA foreign_keys = 1
I, [2021-03-09T14:27:58.067778 #313]  INFO -- : (0.000014s) PRAGMA case_sensitive_like = 1
I, [2021-03-09T14:27:58.068425 #313]  INFO -- : (0.000067s) SELECT sqlite_version()
I, [2021-03-09T14:27:58.068668 #313]  INFO -- : (0.000111s) PRAGMA table_info('mentees')
I, [2021-03-09T14:30:46.097558 #335]  INFO -- : (0.000232s) PRAGMA foreign_keys = 1
I, [2021-03-09T14:30:46.097702 #335]  INFO -- : (0.000028s) PRAGMA case_sensitive_like = 1
I, [2021-03-09T14:30:46.098554 #335]  INFO -- : (0.000096s) SELECT sqlite_version()
I, [2021-03-09T14:30:46.098929 #335]  INFO -- : (0.000174s) PRAGMA table_info('mentees')
I, [2021-03-09T14:34:06.062141 #356]  INFO -- : (0.000172s) PRAGMA foreign_keys = 1
I, [2021-03-09T14:34:06.062241 #356]  INFO -- : (0.000014s) PRAGMA case_sensitive_like = 1
I, [2021-03-09T14:34:06.062832 #356]  INFO -- : (0.000065s) SELECT sqlite_version()
I, [2021-03-09T14:34:06.063078 #356]  INFO -- : (0.000114s) PRAGMA table_info('mentees')
I, [2021-03-09T14:36:35.953559 #378]  INFO -- : (0.000842s) PRAGMA foreign_keys = 1
I, [2021-03-09T14:36:35.953659 #378]  INFO -- : (0.000015s) PRAGMA case_sensitive_like = 1
I, [2021-03-09T14:36:35.954347 #378]  INFO -- : (0.000074s) SELECT sqlite_version()
I, [2021-03-09T14:36:35.954689 #378]  INFO -- : (0.000132s) PRAGMA table_info('mentees')
I, [2021-03-09T14:38:02.628928 #399]  INFO -- : (0.000190s) PRAGMA foreign_keys = 1
I, [2021-03-09T14:38:02.629032 #399]  INFO -- : (0.000015s) PRAGMA case_sensitive_like = 1
I, [2021-03-09T14:38:02.629633 #399]  INFO -- : (0.000067s) SELECT sqlite_version()
I, [2021-03-09T14:38:02.629920 #399]  INFO -- : (0.000115s) PRAGMA table_info('mentees')
I, [2021-03-09T14:38:55.009841 #420]  INFO -- : (0.000169s) PRAGMA foreign_keys = 1
I, [2021-03-09T14:38:55.009949 #420]  INFO -- : (0.000019s) PRAGMA case_sensitive_like = 1
I, [2021-03-09T14:38:55.010568 #420]  INFO -- : (0.000064s) SELECT sqlite_version()
I, [2021-03-09T14:38:55.010824 #420]  INFO -- : (0.000112s) PRAGMA table_info('mentees')
I, [2021-03-09T14:39:10.932979 #420]  INFO -- : (0.000042s) BEGIN
I, [2021-03-09T14:39:10.933500 #420]  INFO -- : (0.000236s) INSERT INTO `mentees` (`fname`, `lname`, `email`, `phoneNum`, `courseName`, `cyear`) VALUES ('Samiha', 'Fansur', 'sfansur1@sheffield.ac.uk', 7949590613, '13', 1)
I, [2021-03-09T14:39:10.933779 #420]  INFO -- : (0.000114s) SELECT * FROM `mentees` WHERE `id` = 1
I, [2021-03-09T14:39:11.392519 #420]  INFO -- : (0.458644s) COMMIT
I, [2021-03-09T14:39:11.392889 #420]  INFO -- : (0.000158s) SELECT * FROM `mentees`
I, [2021-03-09T14:43:02.710433 #441]  INFO -- : (0.000173s) PRAGMA foreign_keys = 1
I, [2021-03-09T14:43:02.710550 #441]  INFO -- : (0.000016s) PRAGMA case_sensitive_like = 1
I, [2021-03-09T14:43:02.711328 #441]  INFO -- : (0.000071s) SELECT sqlite_version()
I, [2021-03-09T14:43:02.711579 #441]  INFO -- : (0.000112s) PRAGMA table_info('mentees')
I, [2021-03-09T14:43:15.205660 #441]  INFO -- : (0.000040s) BEGIN
I, [2021-03-09T14:43:15.206099 #441]  INFO -- : (0.000186s) INSERT INTO `mentees` (`fname`, `lname`, `email`, `phoneNum`, `courseName`, `cyear`) VALUES ('Samiha', 'Fansur', 'sfansur1@sheffield.ac.uk', 7949590613, '15', 2)
I, [2021-03-09T14:43:15.206331 #441]  INFO -- : (0.000096s) SELECT * FROM `mentees` WHERE `id` = 2
I, [2021-03-09T14:43:15.305427 #441]  INFO -- : (0.099013s) COMMIT
I, [2021-03-09T14:44:34.281245 #462]  INFO -- : (0.000167s) PRAGMA foreign_keys = 1
I, [2021-03-09T14:44:34.281339 #462]  INFO -- : (0.000014s) PRAGMA case_sensitive_like = 1
I, [2021-03-09T14:44:34.281893 #462]  INFO -- : (0.000057s) SELECT sqlite_version()
I, [2021-03-09T14:44:34.282131 #462]  INFO -- : (0.000107s) PRAGMA table_info('mentees')
I, [2021-03-09T14:44:59.006897 #462]  INFO -- : (0.000041s) BEGIN
I, [2021-03-09T14:44:59.007394 #462]  INFO -- : (0.000245s) INSERT INTO `mentees` (`fname`, `lname`, `email`, `phoneNum`, `courseName`, `cyear`) VALUES ('Samiha', 'Fansur', 'sfansur1@sheffield.ac.uk', 7949590613, '9', 2)
I, [2021-03-09T14:44:59.007638 #462]  INFO -- : (0.000101s) SELECT * FROM `mentees` WHERE `id` = 3
I, [2021-03-09T14:44:59.093883 #462]  INFO -- : (0.086153s) COMMIT
I, [2021-03-09T14:47:07.224353 #485]  INFO -- : (0.000183s) PRAGMA foreign_keys = 1
I, [2021-03-09T14:47:07.224448 #485]  INFO -- : (0.000014s) PRAGMA case_sensitive_like = 1
I, [2021-03-09T14:47:07.225103 #485]  INFO -- : (0.000063s) SELECT sqlite_version()
I, [2021-03-09T14:47:07.225383 #485]  INFO -- : (0.000112s) PRAGMA table_info('mentees')
I, [2021-03-09T14:47:43.969101 #485]  INFO -- : (0.000054s) BEGIN
I, [2021-03-09T14:47:43.969692 #485]  INFO -- : (0.000276s) INSERT INTO `mentees` (`fname`, `lname`, `email`, `phoneNum`, `courseName`, `cyear`) VALUES ('Samiha', 'Fansur', 'sfansur1@sheffield.ac.uk', '+44 7721951137', '84', 4)
I, [2021-03-09T14:47:43.969990 #485]  INFO -- : (0.000134s) SELECT * FROM `mentees` WHERE `id` = 4
I, [2021-03-09T14:47:44.268551 #485]  INFO -- : (0.298463s) COMMIT
I, [2021-03-09T14:48:28.335034 #485]  INFO -- : (0.000040s) BEGIN
I, [2021-03-09T14:48:28.335429 #485]  INFO -- : (0.000192s) INSERT INTO `mentees` (`fname`, `lname`, `email`, `phoneNum`, `courseName`, `cyear`) VALUES ('Samiha', 'fsrg', 'sfansur1@sheffield.ac.uk', '+44 7949590613', '15', 6)
I, [2021-03-09T14:48:28.335633 #485]  INFO -- : (0.000092s) SELECT * FROM `mentees` WHERE `id` = 5
I, [2021-03-09T14:48:28.629833 #485]  INFO -- : (0.294110s) COMMIT
I, [2021-03-09T14:50:16.254571 #506]  INFO -- : (0.000211s) PRAGMA foreign_keys = 1
I, [2021-03-09T14:50:16.254683 #506]  INFO -- : (0.000017s) PRAGMA case_sensitive_like = 1
I, [2021-03-09T14:50:16.255385 #506]  INFO -- : (0.000086s) SELECT sqlite_version()
I, [2021-03-09T14:50:16.255639 #506]  INFO -- : (0.000112s) PRAGMA table_info('mentees')
I, [2021-03-09T14:50:40.074372 #506]  INFO -- : (0.000050s) BEGIN
I, [2021-03-09T14:50:40.074837 #506]  INFO -- : (0.000215s) INSERT INTO `mentees` (`fname`, `lname`, `email`, `phoneNum`, `courseName`, `cyear`) VALUES ('Samiha', 'Fansur', 'sfansur1@sheffield.ac.uk', '+44 7949590613', '17', 5)
I, [2021-03-09T14:50:40.075089 #506]  INFO -- : (0.000113s) SELECT * FROM `mentees` WHERE `id` = 6
I, [2021-03-09T14:50:40.179039 #506]  INFO -- : (0.103860s) COMMIT
I, [2021-03-09T14:51:39.602186 #527]  INFO -- : (0.000179s) PRAGMA foreign_keys = 1
I, [2021-03-09T14:51:39.602293 #527]  INFO -- : (0.000016s) PRAGMA case_sensitive_like = 1
I, [2021-03-09T14:51:39.602974 #527]  INFO -- : (0.000071s) SELECT sqlite_version()
I, [2021-03-09T14:51:39.603289 #527]  INFO -- : (0.000129s) PRAGMA table_info('mentees')
I, [2021-03-09T14:52:00.194728 #527]  INFO -- : (0.000043s) BEGIN
I, [2021-03-09T14:52:00.195226 #527]  INFO -- : (0.000242s) INSERT INTO `mentees` (`fname`, `lname`, `email`, `phoneNum`, `courseName`, `cyear`) VALUES ('Samiha', 'Fansur', 'sfansur1@sheffield.ac.uk', 7949590613, '14', 2)
I, [2021-03-09T14:52:00.195482 #527]  INFO -- : (0.000110s) SELECT * FROM `mentees` WHERE `id` = 7
I, [2021-03-09T14:52:00.292294 #527]  INFO -- : (0.096713s) COMMIT
